<?xml version="1.0" encoding="UTF-8"?>
<!-- Generated by org.testng.reporters.JUnitXMLReporter -->
<testsuite ignored="1" hostname="LAPTOP-9U1KJMDO" failures="0" tests="3" name="orangehrm1" time="17.887" errors="0" timestamp="2025-07-16T20:03:06 IST">
  <testcase classname="com.Test.LoginPageTest" name="inValidLoginTest" time="2.659"/>
  <testcase classname="com.Test.LoginPageTest" name="verifyValidLoginTest" time="3.098"/>
  <testcase classname="com.Test.HomePageTest" name="verifyOrangeHRMLogo" time="0.905"/>
  <testcase classname="com.base.BaseClass" name="@BeforeSuite loadConfig" time="0.0">
    <ignored/>
  </testcase> <!-- @BeforeSuite loadConfig -->
</testsuite> <!-- orangehrm1 -->
