<?xml version="1.0" encoding="UTF-8"?>
<!-- Generated by org.testng.reporters.JUnitXMLReporter -->
<testsuite ignored="1" hostname="LAPTOP-9U1KJMDO" failures="3" tests="3" name="Surefire test" time="11.49" errors="0" timestamp="2025-07-16T14:45:51 IST">
  <testcase classname="com.Test.HomePageTest" name="verifyOrangeHRMLogo" time="0.005">
    <failure type="java.lang.NullPointerException" message="Cannot invoke &amp;quot;com.aventstack.extentreports.ExtentTest.info(String)&amp;quot; because the return value of &amp;quot;com.utilities.ExtentManager.getTest()&amp;quot; is null">
      <![CDATA[java.lang.NullPointerException: Cannot invoke "com.aventstack.extentreports.ExtentTest.info(String)" because the return value of "com.utilities.ExtentManager.getTest()" is null
at com.utilities.ExtentManager.logStep(ExtentManager.java:77)
at com.Test.HomePageTest.verifyOrangeHRMLogo(HomePageTest.java:27)
at java.base/java.util.ArrayList.forEach(ArrayList.java:1596)
... Removed 30 stack frames]]>
    </failure>
  </testcase> <!-- verifyOrangeHRMLogo -->
  <testcase classname="com.Test.LoginPageTest" name="inValidLoginTest" time="0.001">
    <failure type="java.lang.NullPointerException" message="Cannot invoke &amp;quot;com.aventstack.extentreports.ExtentTest.info(String)&amp;quot; because the return value of &amp;quot;com.utilities.ExtentManager.getTest()&amp;quot; is null">
      <![CDATA[java.lang.NullPointerException: Cannot invoke "com.aventstack.extentreports.ExtentTest.info(String)" because the return value of "com.utilities.ExtentManager.getTest()" is null
at com.utilities.ExtentManager.logStep(ExtentManager.java:77)
at com.Test.LoginPageTest.inValidLoginTest(LoginPageTest.java:44)
at java.base/java.util.ArrayList.forEach(ArrayList.java:1596)
... Removed 30 stack frames]]>
    </failure>
  </testcase> <!-- inValidLoginTest -->
  <testcase classname="com.Test.LoginPageTest" name="verifyValidLoginTest" time="0.253">
    <failure type="java.lang.NullPointerException" message="Cannot invoke &amp;quot;com.aventstack.extentreports.ExtentTest.fail(String)&amp;quot; because the return value of &amp;quot;com.utilities.ExtentManager.getTest()&amp;quot; is null">
      <![CDATA[java.lang.NullPointerException: Cannot invoke "com.aventstack.extentreports.ExtentTest.fail(String)" because the return value of "com.utilities.ExtentManager.getTest()" is null
at com.utilities.ExtentManager.logFailure(ExtentManager.java:96)
at com.actiondriver.ActionDriver.enterText(ActionDriver.java:88)
at com.pages.LoginPage.login(LoginPage.java:40)
at com.Test.LoginPageTest.verifyValidLoginTest(LoginPageTest.java:31)
at java.base/java.util.ArrayList.forEach(ArrayList.java:1596)
... Removed 30 stack frames]]>
    </failure>
  </testcase> <!-- verifyValidLoginTest -->
  <testcase classname="com.base.BaseClass" name="@BeforeSuite loadConfig" time="0.0">
    <ignored/>
  </testcase> <!-- @BeforeSuite loadConfig -->
</testsuite> <!-- Surefire test -->
