<?xml version="1.0" encoding="UTF-8"?>
<!-- Generated by org.testng.reporters.JUnitXMLReporter -->
<testsuite ignored="1" hostname="LAPTOP-9U1KJMDO" failures="0" tests="3" name="orangehrm1" time="19.356" errors="0" timestamp="2025-07-16T20:02:29 IST">
  <testcase classname="com.Test.LoginPageTest" name="inValidLoginTest" time="2.7"/>
  <testcase classname="com.Test.LoginPageTest" name="verifyValidLoginTest" time="3.695"/>
  <testcase classname="com.Test.HomePageTest" name="verifyOrangeHRMLogo" time="1.504"/>
  <testcase classname="com.base.BaseClass" name="@BeforeSuite loadConfig" time="0.0">
    <ignored/>
  </testcase> <!-- @BeforeSuite loadConfig -->
</testsuite> <!-- orangehrm1 -->
