<?xml version="1.0" encoding="UTF-8"?>
<testng-results ignored="0" total="3" passed="3" failed="0" skipped="0">
  <reporter-output>
  </reporter-output>
  <suite started-at="2025-07-16T20:02:47 IST" name="orangehrm" finished-at="2025-07-16T20:03:05 IST" duration-ms="17887">
    <groups>
    </groups>
    <test started-at="2025-07-16T20:02:47 IST" name="orangehrm1" finished-at="2025-07-16T20:03:05 IST" duration-ms="17887">
      <class name="com.Test.LoginPageTest">
        <test-method is-config="true" signature="loadConfig()[pri:0, instance:com.Test.LoginPageTest@7b5a12ae]" started-at="2025-07-16T20:02:47 IST" name="loadConfig" finished-at="2025-07-16T20:02:47 IST" duration-ms="16" status="PASS">
          <reporter-output>
          </reporter-output>
        </test-method> <!-- loadConfig -->
        <test-method is-config="true" signature="setup()[pri:0, instance:com.Test.LoginPageTest@7b5a12ae]" started-at="2025-07-16T20:02:48 IST" name="setup" finished-at="2025-07-16T20:02:52 IST" duration-ms="3595" status="PASS">
          <reporter-output>
          </reporter-output>
        </test-method> <!-- setup -->
        <test-method is-config="true" signature="setupPages()[pri:0, instance:com.Test.LoginPageTest@7b5a12ae]" started-at="2025-07-16T20:02:52 IST" name="setupPages" finished-at="2025-07-16T20:02:52 IST" duration-ms="2" status="PASS">
          <reporter-output>
          </reporter-output>
        </test-method> <!-- setupPages -->
        <test-method signature="inValidLoginTest(java.lang.String,java.lang.String)[pri:0, instance:com.Test.LoginPageTest@7b5a12ae]" started-at="2025-07-16T20:02:52 IST" name="inValidLoginTest" data-provider="inValidLoginData" finished-at="2025-07-16T20:02:54 IST" duration-ms="2659" status="PASS">
          <params>
            <param index="0">
              <value>
                <![CDATA[invalid_user]]>
              </value>
            </param>
            <param index="1">
              <value>
                <![CDATA[secret_invalid]]>
              </value>
            </param>
          </params>
          <reporter-output>
          </reporter-output>
        </test-method> <!-- inValidLoginTest -->
        <test-method is-config="true" signature="teardown()[pri:0, instance:com.Test.LoginPageTest@7b5a12ae]" started-at="2025-07-16T20:02:54 IST" name="teardown" finished-at="2025-07-16T20:02:55 IST" duration-ms="144" status="PASS">
          <reporter-output>
          </reporter-output>
        </test-method> <!-- teardown -->
        <test-method is-config="true" signature="setup()[pri:0, instance:com.Test.LoginPageTest@7b5a12ae]" started-at="2025-07-16T20:02:55 IST" name="setup" finished-at="2025-07-16T20:02:58 IST" duration-ms="3169" status="PASS">
          <reporter-output>
          </reporter-output>
        </test-method> <!-- setup -->
        <test-method is-config="true" signature="setupPages()[pri:0, instance:com.Test.LoginPageTest@7b5a12ae]" started-at="2025-07-16T20:02:58 IST" name="setupPages" finished-at="2025-07-16T20:02:58 IST" duration-ms="1" status="PASS">
          <reporter-output>
          </reporter-output>
        </test-method> <!-- setupPages -->
        <test-method signature="verifyValidLoginTest(java.lang.String,java.lang.String)[pri:0, instance:com.Test.LoginPageTest@7b5a12ae]" started-at="2025-07-16T20:02:58 IST" name="verifyValidLoginTest" data-provider="validLoginData" finished-at="2025-07-16T20:03:01 IST" duration-ms="3098" status="PASS">
          <params>
            <param index="0">
              <value>
                <![CDATA[standard_user]]>
              </value>
            </param>
            <param index="1">
              <value>
                <![CDATA[secret_sauce]]>
              </value>
            </param>
          </params>
          <reporter-output>
          </reporter-output>
        </test-method> <!-- verifyValidLoginTest -->
        <test-method is-config="true" signature="teardown()[pri:0, instance:com.Test.LoginPageTest@7b5a12ae]" started-at="2025-07-16T20:03:01 IST" name="teardown" finished-at="2025-07-16T20:03:01 IST" duration-ms="152" status="PASS">
          <reporter-output>
          </reporter-output>
        </test-method> <!-- teardown -->
      </class> <!-- com.Test.LoginPageTest -->
      <class name="com.Test.HomePageTest">
        <test-method is-config="true" signature="setup()[pri:0, instance:com.Test.HomePageTest@4c4748bf]" started-at="2025-07-16T20:03:01 IST" name="setup" finished-at="2025-07-16T20:03:04 IST" duration-ms="3178" status="PASS">
          <reporter-output>
          </reporter-output>
        </test-method> <!-- setup -->
        <test-method is-config="true" signature="setupPages()[pri:0, instance:com.Test.HomePageTest@4c4748bf]" started-at="2025-07-16T20:03:04 IST" name="setupPages" finished-at="2025-07-16T20:03:04 IST" duration-ms="1" status="PASS">
          <reporter-output>
          </reporter-output>
        </test-method> <!-- setupPages -->
        <test-method signature="verifyOrangeHRMLogo(java.lang.String,java.lang.String)[pri:0, instance:com.Test.HomePageTest@4c4748bf]" started-at="2025-07-16T20:03:04 IST" name="verifyOrangeHRMLogo" data-provider="validLoginData" finished-at="2025-07-16T20:03:05 IST" duration-ms="905" status="PASS">
          <params>
            <param index="0">
              <value>
                <![CDATA[standard_user]]>
              </value>
            </param>
            <param index="1">
              <value>
                <![CDATA[secret_sauce]]>
              </value>
            </param>
          </params>
          <reporter-output>
          </reporter-output>
        </test-method> <!-- verifyOrangeHRMLogo -->
        <test-method is-config="true" signature="teardown()[pri:0, instance:com.Test.HomePageTest@4c4748bf]" started-at="2025-07-16T20:03:05 IST" name="teardown" finished-at="2025-07-16T20:03:05 IST" duration-ms="142" status="PASS">
          <reporter-output>
          </reporter-output>
        </test-method> <!-- teardown -->
      </class> <!-- com.Test.HomePageTest -->
    </test> <!-- orangehrm1 -->
  </suite> <!-- orangehrm -->
</testng-results>
