<?xml version="1.0" encoding="UTF-8"?>
<testsuite xmlns:xsi="http://www.w3.org/2001/XMLSchema-instance" xsi:noNamespaceSchemaLocation="https://maven.apache.org/surefire/maven-surefire-plugin/xsd/surefire-test-report.xsd" version="3.0.1" name="TestSuite" time="18.921" tests="3" errors="0" skipped="0" failures="0">
  <properties>
[...]
</properties>
  <testcase name="inValidLoginTest[invalid_user, secret_invalid](1)" classname="com.Test.LoginPageTest" time="2.694">
    <system-out><![CDATA[2025-07-16T14:32:47.834613700Z main WARN No Root logger was configured, creating default ERROR-level Root logger with Console appender
2025-07-16 20:02:47 [main] INFO  BaseClass - Property file loaded
Setting up WebDriver for:LoginPageTest
2025-07-16 20:02:49 [TestNG-tests-1] INFO  BaseClass - Chrome driver initialized
2025-07-16 20:02:52 [TestNG-tests-1] INFO  BaseClass - Webdriver Initialized and browser launched
2025-07-16 20:02:52 [TestNG-tests-1] TRACE BaseClass - This is a Trace message
2025-07-16 20:02:52 [TestNG-tests-1] ERROR BaseClass - This is a error message
2025-07-16 20:02:52 [TestNG-tests-1] DEBUG BaseClass - This is a debug message
2025-07-16 20:02:52 [TestNG-tests-1] FATAL BaseClass - This is a fatal message
2025-07-16 20:02:52 [TestNG-tests-1] WARN  BaseClass - This is a warn message
2025-07-16 20:02:52 [TestNG-tests-1] INFO  ActionDriver - Webdriver instance created
2025-07-16 20:02:52 [TestNG-tests-1] INFO  BaseClass - ActionDriver initlialized for thread: 40
Running testMethod2 on thread: 40
2025-07-16 20:02:52 [TestNG-tests-1] INFO  ActionDriver - Applied the border with color green to element: Element with name:user-name
2025-07-16 20:02:52 [TestNG-tests-1] INFO  ActionDriver - Entered text on: Element with name:user-name--> invalid_user
2025-07-16 20:02:52 [TestNG-tests-1] INFO  ActionDriver - Applied the border with color green to element: Element with name:password
2025-07-16 20:02:52 [TestNG-tests-1] INFO  ActionDriver - Entered text on: Element with name:password--> secret_invalid
2025-07-16 20:02:52 [TestNG-tests-1] INFO  ActionDriver - Applied the border with color green to element: Element with id:login-button
2025-07-16 20:02:52 [TestNG-tests-1] INFO  ActionDriver - Clicked an Element--> Element with id:login-button
2025-07-16 20:02:54 [TestNG-tests-1] INFO  ActionDriver - Applied the border with color green to element: Element with text:Epic sadface: Username and password do not match a...
2025-07-16 20:02:54 [TestNG-tests-1] INFO  ActionDriver - Text are Matching: Epic sadface: Username and password do not match any user in this service equals Epic sadface: Username and password do not match any user in this service
]]></system-out>
    <system-err><![CDATA[SLF4J: Failed to load class "org.slf4j.impl.StaticLoggerBinder".
SLF4J: Defaulting to no-operation (NOP) logger implementation
SLF4J: See http://www.slf4j.org/codes.html#StaticLoggerBinder for further details.
Jul 16, 2025 8:02:49 PM org.openqa.selenium.devtools.CdpVersionFinder findNearestMatch
WARNING: Unable to find CDP implementation matching 138
Jul 16, 2025 8:02:49 PM org.openqa.selenium.chromium.ChromiumDriver lambda$new$5
WARNING: Unable to find version of CDP to use for 138.0.7204.157. You may need to include a dependency on a specific version of the CDP using something similar to `org.seleniumhq.selenium:selenium-devtools-v86:4.27.0` where the version ("v86") matches the version of the chromium-based browser you're using and the version number of the artifact is the same as Selenium's.
]]></system-err>
  </testcase>
  <testcase name="verifyValidLoginTest[standard_user, secret_sauce](1)" classname="com.Test.LoginPageTest" time="3.148">
    <system-out><![CDATA[2025-07-16 20:02:55 [TestNG-tests-1] INFO  BaseClass - Webdriver instance is closed
Setting up WebDriver for:LoginPageTest
2025-07-16 20:02:55 [TestNG-tests-1] INFO  BaseClass - Chrome driver initialized
2025-07-16 20:02:58 [TestNG-tests-1] INFO  BaseClass - Webdriver Initialized and browser launched
2025-07-16 20:02:58 [TestNG-tests-1] TRACE BaseClass - This is a Trace message
2025-07-16 20:02:58 [TestNG-tests-1] ERROR BaseClass - This is a error message
2025-07-16 20:02:58 [TestNG-tests-1] DEBUG BaseClass - This is a debug message
2025-07-16 20:02:58 [TestNG-tests-1] FATAL BaseClass - This is a fatal message
2025-07-16 20:02:58 [TestNG-tests-1] WARN  BaseClass - This is a warn message
2025-07-16 20:02:58 [TestNG-tests-1] INFO  ActionDriver - Webdriver instance created
2025-07-16 20:02:58 [TestNG-tests-1] INFO  BaseClass - ActionDriver initlialized for thread: 40
2025-07-16 20:02:58 [TestNG-tests-1] INFO  ActionDriver - Applied the border with color green to element: Element with name:user-name
2025-07-16 20:02:58 [TestNG-tests-1] INFO  ActionDriver - Entered text on: Element with name:user-name--> standard_user
2025-07-16 20:02:58 [TestNG-tests-1] INFO  ActionDriver - Applied the border with color green to element: Element with name:password
2025-07-16 20:02:58 [TestNG-tests-1] INFO  ActionDriver - Entered text on: Element with name:password--> secret_sauce
2025-07-16 20:02:58 [TestNG-tests-1] INFO  ActionDriver - Applied the border with color green to element: Element with id:login-button
2025-07-16 20:02:59 [TestNG-tests-1] INFO  ActionDriver - Clicked an Element--> Element with id:login-button
2025-07-16 20:02:59 [TestNG-tests-1] INFO  ActionDriver - Applied the border with color green to element: Element with text:Products
2025-07-16 20:02:59 [TestNG-tests-1] INFO  ActionDriver - Element is displayed: Element with text:Products
]]></system-out>
    <system-err><![CDATA[Jul 16, 2025 8:02:55 PM org.openqa.selenium.devtools.CdpVersionFinder findNearestMatch
WARNING: Unable to find CDP implementation matching 138
Jul 16, 2025 8:02:55 PM org.openqa.selenium.chromium.ChromiumDriver lambda$new$5
WARNING: Unable to find version of CDP to use for 138.0.7204.157. You may need to include a dependency on a specific version of the CDP using something similar to `org.seleniumhq.selenium:selenium-devtools-v86:4.27.0` where the version ("v86") matches the version of the chromium-based browser you're using and the version number of the artifact is the same as Selenium's.
]]></system-err>
  </testcase>
  <testcase name="verifyOrangeHRMLogo[standard_user, secret_sauce](1)" classname="com.Test.HomePageTest" time="0.986">
    <system-out><![CDATA[2025-07-16 20:03:01 [TestNG-tests-1] INFO  BaseClass - Webdriver instance is closed
Setting up WebDriver for:HomePageTest
2025-07-16 20:03:02 [TestNG-tests-1] INFO  BaseClass - Chrome driver initialized
2025-07-16 20:03:04 [TestNG-tests-1] INFO  BaseClass - Webdriver Initialized and browser launched
2025-07-16 20:03:04 [TestNG-tests-1] TRACE BaseClass - This is a Trace message
2025-07-16 20:03:04 [TestNG-tests-1] ERROR BaseClass - This is a error message
2025-07-16 20:03:04 [TestNG-tests-1] DEBUG BaseClass - This is a debug message
2025-07-16 20:03:04 [TestNG-tests-1] FATAL BaseClass - This is a fatal message
2025-07-16 20:03:04 [TestNG-tests-1] WARN  BaseClass - This is a warn message
2025-07-16 20:03:04 [TestNG-tests-1] INFO  ActionDriver - Webdriver instance created
2025-07-16 20:03:04 [TestNG-tests-1] INFO  BaseClass - ActionDriver initlialized for thread: 40
2025-07-16 20:03:04 [TestNG-tests-1] INFO  ActionDriver - Applied the border with color green to element: Element with name:user-name
2025-07-16 20:03:04 [TestNG-tests-1] INFO  ActionDriver - Entered text on: Element with name:user-name--> standard_user
2025-07-16 20:03:05 [TestNG-tests-1] INFO  ActionDriver - Applied the border with color green to element: Element with name:password
2025-07-16 20:03:05 [TestNG-tests-1] INFO  ActionDriver - Entered text on: Element with name:password--> secret_sauce
2025-07-16 20:03:05 [TestNG-tests-1] INFO  ActionDriver - Applied the border with color green to element: Element with id:login-button
2025-07-16 20:03:05 [TestNG-tests-1] INFO  ActionDriver - Clicked an Element--> Element with id:login-button
2025-07-16 20:03:05 [TestNG-tests-1] INFO  ActionDriver - Applied the border with color green to element: Element with class:app_logo
2025-07-16 20:03:05 [TestNG-tests-1] INFO  ActionDriver - Element is displayed: Element with class:app_logo
]]></system-out>
    <system-err><![CDATA[Jul 16, 2025 8:03:02 PM org.openqa.selenium.devtools.CdpVersionFinder findNearestMatch
WARNING: Unable to find CDP implementation matching 138
Jul 16, 2025 8:03:02 PM org.openqa.selenium.chromium.ChromiumDriver lambda$new$5
WARNING: Unable to find version of CDP to use for 138.0.7204.157. You may need to include a dependency on a specific version of the CDP using something similar to `org.seleniumhq.selenium:selenium-devtools-v86:4.27.0` where the version ("v86") matches the version of the chromium-based browser you're using and the version number of the artifact is the same as Selenium's.
]]></system-err>
  </testcase>
</testsuite>